PID 2460388 - GPU 0 - Experiment config (env=zurcher, beta=0.95, H=100, lr=0.001, h_size=10, n_layer=2, shuffle=False, seed=1, test=False, store_gpu=True, layer_norm=False, num_epochs=10000, batch_size=64, maxMileage=10, rollin_type=expert, theta=[1, 5, 1], numTypes=1, loss_ratio=0.5, num_trajs=10000): Starting data generation
PID 2460388 - GPU 0 - Using GPU: NVIDIA GeForce RTX 2080 Ti
PID 2460388 - GPU 0 - Allocated GPU memory: 0.00 GB
PID 2460388 - GPU 0 - Experiment config (env=zurcher, beta=0.95, H=100, lr=0.001, h_size=10, n_layer=2, shuffle=False, seed=1, test=False, store_gpu=True, layer_norm=False, num_epochs=10000, batch_size=64, maxMileage=10, rollin_type=expert, theta=[1, 5, 1], numTypes=1, loss_ratio=0.5, num_trajs=10000): Completed data generation
PID 2460388 - GPU 0 - Experiment config (env=zurcher, beta=0.95, H=100, lr=0.001, h_size=10, n_layer=2, shuffle=False, seed=1, test=False, store_gpu=True, layer_norm=False, num_epochs=10000, batch_size=64, maxMileage=10, rollin_type=expert, theta=[1, 5, 1], numTypes=1, loss_ratio=0.5, num_trajs=10000): Starting training
PID 2477942 - GPU 0 - Experiment config (env=zurcher, beta=0.95, H=100, lr=0.001, h_size=10, n_layer=2, shuffle=False, seed=1, test=False, store_gpu=True, layer_norm=False, num_epochs=10000, batch_size=64, maxMileage=10, rollin_type=expert, theta=[1, 5, 1], numTypes=1, loss_ratio=0.5, num_trajs=10000): Starting data generation
PID 2477942 - GPU 0 - Using GPU: NVIDIA GeForce RTX 2080 Ti
PID 2477942 - GPU 0 - Allocated GPU memory: 0.00 GB
PID 2477942 - GPU 0 - Experiment config (env=zurcher, beta=0.95, H=100, lr=0.001, h_size=10, n_layer=2, shuffle=False, seed=1, test=False, store_gpu=True, layer_norm=False, num_epochs=10000, batch_size=64, maxMileage=10, rollin_type=expert, theta=[1, 5, 1], numTypes=1, loss_ratio=0.5, num_trajs=10000): Completed data generation
PID 2477942 - GPU 0 - Experiment config (env=zurcher, beta=0.95, H=100, lr=0.001, h_size=10, n_layer=2, shuffle=False, seed=1, test=False, store_gpu=True, layer_norm=False, num_epochs=10000, batch_size=64, maxMileage=10, rollin_type=expert, theta=[1, 5, 1], numTypes=1, loss_ratio=0.5, num_trajs=10000): Starting training
PID 2927695 - GPU 0 - Experiment config (env=zurcher, beta=0.95, H=100, lr=0.001, h_size=10, n_layer=2, shuffle=False, seed=1, test=False, store_gpu=True, layer_norm=False, num_epochs=10000, batch_size=64, maxMileage=10, rollin_type=expert, theta=[1, 5, 1], numTypes=1, loss_ratio=0.5, num_trajs=10000): Starting data generation
PID 2927695 - GPU 0 - Using GPU: NVIDIA GeForce RTX 2080 Ti
PID 2927695 - GPU 0 - Allocated GPU memory: 0.00 GB
PID 2927695 - GPU 0 - Experiment config (env=zurcher, beta=0.95, H=100, lr=0.001, h_size=10, n_layer=2, shuffle=False, seed=1, test=False, store_gpu=True, layer_norm=False, num_epochs=10000, batch_size=64, maxMileage=10, rollin_type=expert, theta=[1, 5, 1], numTypes=1, loss_ratio=0.5, num_trajs=10000): Completed data generation
PID 2927695 - GPU 0 - Experiment config (env=zurcher, beta=0.95, H=100, lr=0.001, h_size=10, n_layer=2, shuffle=False, seed=1, test=False, store_gpu=True, layer_norm=False, num_epochs=10000, batch_size=64, maxMileage=10, rollin_type=expert, theta=[1, 5, 1], numTypes=1, loss_ratio=0.5, num_trajs=10000): Starting training
PID 2971361 - GPU 0 - Experiment config (env=zurcher, beta=0.95, H=100, lr=0.001, h_size=10, n_layer=2, shuffle=False, seed=1, test=False, store_gpu=True, layer_norm=False, num_epochs=10000, batch_size=64, maxMileage=10, rollin_type=expert, theta=[1, 5, 1], numTypes=1, loss_ratio=0.5, num_trajs=10000): Starting data generation
PID 2971361 - GPU 0 - Using GPU: NVIDIA GeForce RTX 2080 Ti
PID 2971361 - GPU 0 - Allocated GPU memory: 0.00 GB
PID 2971361 - GPU 0 - Experiment config (env=zurcher, beta=0.95, H=100, lr=0.001, h_size=10, n_layer=2, shuffle=False, seed=1, test=False, store_gpu=True, layer_norm=False, num_epochs=10000, batch_size=64, maxMileage=10, rollin_type=expert, theta=[1, 5, 1], numTypes=1, loss_ratio=0.5, num_trajs=10000): Completed data generation
PID 2971361 - GPU 0 - Experiment config (env=zurcher, beta=0.95, H=100, lr=0.001, h_size=10, n_layer=2, shuffle=False, seed=1, test=False, store_gpu=True, layer_norm=False, num_epochs=10000, batch_size=64, maxMileage=10, rollin_type=expert, theta=[1, 5, 1], numTypes=1, loss_ratio=0.5, num_trajs=10000): Starting training
PID 3512799 - GPU 0 - Experiment config (env=zurcher, beta=0.95, H=100, lr=0.001, h_size=10, n_layer=2, shuffle=False, seed=1, test=False, store_gpu=True, layer_norm=False, num_epochs=10000, batch_size=64, maxMileage=10, rollin_type=expert, theta=[1, 5, 1], numTypes=1, loss_ratio=0.5, num_trajs=10000): Starting data generation
PID 3512799 - GPU 0 - Using GPU: NVIDIA GeForce RTX 2080 Ti
PID 3512799 - GPU 0 - Allocated GPU memory: 0.00 GB
PID 3512799 - GPU 0 - Experiment config (env=zurcher, beta=0.95, H=100, lr=0.001, h_size=10, n_layer=2, shuffle=False, seed=1, test=False, store_gpu=True, layer_norm=False, num_epochs=10000, batch_size=64, maxMileage=10, rollin_type=expert, theta=[1, 5, 1], numTypes=1, loss_ratio=0.5, num_trajs=10000): Completed data generation
PID 3512799 - GPU 0 - Experiment config (env=zurcher, beta=0.95, H=100, lr=0.001, h_size=10, n_layer=2, shuffle=False, seed=1, test=False, store_gpu=True, layer_norm=False, num_epochs=10000, batch_size=64, maxMileage=10, rollin_type=expert, theta=[1, 5, 1], numTypes=1, loss_ratio=0.5, num_trajs=10000): Starting training
PID 3844609 - GPU 0 - Experiment config (env=zurcher, beta=0.95, H=100, lr=0.001, h_size=10, n_layer=2, shuffle=False, seed=1, test=False, store_gpu=True, layer_norm=False, num_epochs=10000, batch_size=64, maxMileage=10, rollin_type=expert, theta=[1, 5, 1], numTypes=1, loss_ratio=0.5, num_trajs=10000): Starting data generation
PID 3844609 - GPU 0 - Using GPU: NVIDIA GeForce RTX 2080 Ti
PID 3844609 - GPU 0 - Allocated GPU memory: 0.00 GB
PID 3844609 - GPU 0 - Experiment config (env=zurcher, beta=0.95, H=100, lr=0.001, h_size=10, n_layer=2, shuffle=False, seed=1, test=False, store_gpu=True, layer_norm=False, num_epochs=10000, batch_size=64, maxMileage=10, rollin_type=expert, theta=[1, 5, 1], numTypes=1, loss_ratio=0.5, num_trajs=10000): Completed data generation
PID 3844609 - GPU 0 - Experiment config (env=zurcher, beta=0.95, H=100, lr=0.001, h_size=10, n_layer=2, shuffle=False, seed=1, test=False, store_gpu=True, layer_norm=False, num_epochs=10000, batch_size=64, maxMileage=10, rollin_type=expert, theta=[1, 5, 1], numTypes=1, loss_ratio=0.5, num_trajs=10000): Starting training
PID 3918781 - GPU 0 - Experiment config (env=zurcher, beta=0.95, H=100, lr=0.001, h_size=10, n_layer=2, shuffle=False, seed=1, test=False, store_gpu=True, layer_norm=False, num_epochs=10000, batch_size=64, maxMileage=10, rollin_type=expert, theta=[1, 5, 1], numTypes=1, loss_ratio=0.5, num_trajs=10000): Starting data generation
PID 3918781 - GPU 0 - Using GPU: NVIDIA GeForce RTX 2080 Ti
PID 3918781 - GPU 0 - Allocated GPU memory: 0.00 GB
PID 3918781 - GPU 0 - Experiment config (env=zurcher, beta=0.95, H=100, lr=0.001, h_size=10, n_layer=2, shuffle=False, seed=1, test=False, store_gpu=True, layer_norm=False, num_epochs=10000, batch_size=64, maxMileage=10, rollin_type=expert, theta=[1, 5, 1], numTypes=1, loss_ratio=0.5, num_trajs=10000): Completed data generation
PID 3918781 - GPU 0 - Experiment config (env=zurcher, beta=0.95, H=100, lr=0.001, h_size=10, n_layer=2, shuffle=False, seed=1, test=False, store_gpu=True, layer_norm=False, num_epochs=10000, batch_size=64, maxMileage=10, rollin_type=expert, theta=[1, 5, 1], numTypes=1, loss_ratio=0.5, num_trajs=10000): Starting training
PID 399593 - GPU 0 - Experiment config (env=zurcher, beta=0.95, H=100, lr=0.001, h_size=10, n_layer=2, shuffle=False, seed=1, test=False, store_gpu=True, layer_norm=False, num_epochs=10000, batch_size=64, maxMileage=10, rollin_type=expert, theta=[1, 5, 1], numTypes=1, loss_ratio=1, num_trajs=10000): Starting data generation
PID 399593 - GPU 0 - Using GPU: NVIDIA GeForce RTX 2080 Ti
PID 399593 - GPU 0 - Allocated GPU memory: 0.00 GB
PID 399593 - GPU 0 - Experiment config (env=zurcher, beta=0.95, H=100, lr=0.001, h_size=10, n_layer=2, shuffle=False, seed=1, test=False, store_gpu=True, layer_norm=False, num_epochs=10000, batch_size=64, maxMileage=10, rollin_type=expert, theta=[1, 5, 1], numTypes=1, loss_ratio=1, num_trajs=10000): Completed data generation
PID 399593 - GPU 0 - Experiment config (env=zurcher, beta=0.95, H=100, lr=0.001, h_size=10, n_layer=2, shuffle=False, seed=1, test=False, store_gpu=True, layer_norm=False, num_epochs=10000, batch_size=64, maxMileage=10, rollin_type=expert, theta=[1, 5, 1], numTypes=1, loss_ratio=1, num_trajs=10000): Starting training
PID 772182 - GPU 0 - Experiment config (env=zurcher, beta=0.95, H=100, lr=0.001, h_size=10, n_layer=2, shuffle=False, seed=1, test=False, store_gpu=True, layer_norm=False, num_epochs=10000, batch_size=64, maxMileage=10, rollin_type=expert, theta=[1, 5, 1], numTypes=1, loss_ratio=200, num_trajs=10000): Starting data generation
PID 772182 - GPU 0 - Using GPU: NVIDIA GeForce RTX 2080 Ti
PID 772182 - GPU 0 - Allocated GPU memory: 0.00 GB
PID 772182 - GPU 0 - Experiment config (env=zurcher, beta=0.95, H=100, lr=0.001, h_size=10, n_layer=2, shuffle=False, seed=1, test=False, store_gpu=True, layer_norm=False, num_epochs=10000, batch_size=64, maxMileage=10, rollin_type=expert, theta=[1, 5, 1], numTypes=1, loss_ratio=200, num_trajs=10000): Completed data generation
PID 772182 - GPU 0 - Experiment config (env=zurcher, beta=0.95, H=100, lr=0.001, h_size=10, n_layer=2, shuffle=False, seed=1, test=False, store_gpu=True, layer_norm=False, num_epochs=10000, batch_size=64, maxMileage=10, rollin_type=expert, theta=[1, 5, 1], numTypes=1, loss_ratio=200, num_trajs=10000): Starting training
PID 2612821 - GPU 0 - Experiment config (env=zurcher, beta=0.95, H=100, lr=0.001, h_size=10, n_layer=2, shuffle=False, seed=1, test=False, store_gpu=True, layer_norm=False, num_epochs=10000, batch_size=64, maxMileage=10, rollin_type=expert, theta=[1, 5, 1], numTypes=1, loss_ratio=50, num_trajs=10000): Starting data generation
PID 2612821 - GPU 0 - Using GPU: NVIDIA GeForce RTX 2080 Ti
PID 2612821 - GPU 0 - Allocated GPU memory: 0.00 GB
PID 2612821 - GPU 0 - Experiment config (env=zurcher, beta=0.95, H=100, lr=0.001, h_size=10, n_layer=2, shuffle=False, seed=1, test=False, store_gpu=True, layer_norm=False, num_epochs=10000, batch_size=64, maxMileage=10, rollin_type=expert, theta=[1, 5, 1], numTypes=1, loss_ratio=50, num_trajs=10000): Completed data generation
PID 2612821 - GPU 0 - Experiment config (env=zurcher, beta=0.95, H=100, lr=0.001, h_size=10, n_layer=2, shuffle=False, seed=1, test=False, store_gpu=True, layer_norm=False, num_epochs=10000, batch_size=64, maxMileage=10, rollin_type=expert, theta=[1, 5, 1], numTypes=1, loss_ratio=50, num_trajs=10000): Starting training
Experiment config (env=zurcher, beta=0.95, H=100, lr=0.001, h_size=10, n_layer=2, shuffle=False, seed=1, test=False, store_gpu=True, layer_norm=False, num_epochs=10000, batch_size=64, maxMileage=10, rollin_type=expert, theta=[1, 5, 1], numTypes=1, loss_ratio=1, num_trajs=10000): Completed training
Experiment config (env=zurcher, beta=0.95, H=100, lr=0.001, h_size=10, n_layer=2, shuffle=False, seed=1, test=False, store_gpu=True, layer_norm=False, num_epochs=10000, batch_size=64, maxMileage=10, rollin_type=expert, theta=[1, 5, 1], numTypes=1, loss_ratio=200, num_trajs=10000): Completed training
Experiment config (env=zurcher, beta=0.95, H=100, lr=0.001, h_size=10, n_layer=2, shuffle=False, seed=1, test=False, store_gpu=True, layer_norm=False, num_epochs=10000, batch_size=64, maxMileage=10, rollin_type=expert, theta=[1, 5, 1], numTypes=1, loss_ratio=50, num_trajs=10000): Completed training
PID 3864895 - GPU 0 - Experiment config (env=zurcher, beta=0.95, H=100, lr=0.001, h_size=10, n_layer=2, shuffle=False, seed=1, test=False, store_gpu=True, layer_norm=False, num_epochs=10000, batch_size=64, maxMileage=10, rollin_type=expert, theta=[1, 5, 1], numTypes=1, loss_ratio=1, num_trajs=10000): Starting data generation
PID 3864895 - GPU 0 - Using GPU: NVIDIA GeForce RTX 2080 Ti
PID 3864895 - GPU 0 - Allocated GPU memory: 0.00 GB
PID 3864895 - GPU 0 - Experiment config (env=zurcher, beta=0.95, H=100, lr=0.001, h_size=10, n_layer=2, shuffle=False, seed=1, test=False, store_gpu=True, layer_norm=False, num_epochs=10000, batch_size=64, maxMileage=10, rollin_type=expert, theta=[1, 5, 1], numTypes=1, loss_ratio=1, num_trajs=10000): Completed data generation
PID 3864895 - GPU 0 - Experiment config (env=zurcher, beta=0.95, H=100, lr=0.001, h_size=10, n_layer=2, shuffle=False, seed=1, test=False, store_gpu=True, layer_norm=False, num_epochs=10000, batch_size=64, maxMileage=10, rollin_type=expert, theta=[1, 5, 1], numTypes=1, loss_ratio=1, num_trajs=10000): Starting training
PID 3870344 - GPU 0 - Experiment config (env=zurcher, beta=0.95, H=100, lr=0.001, h_size=10, n_layer=2, shuffle=False, seed=1, test=False, store_gpu=True, layer_norm=False, num_epochs=10000, batch_size=64, maxMileage=10, rollin_type=expert, theta=[1, 5, 1], numTypes=1, loss_ratio=1, num_trajs=10000): Starting data generation
PID 3870344 - GPU 0 - Using GPU: NVIDIA GeForce RTX 2080 Ti
PID 3870344 - GPU 0 - Allocated GPU memory: 0.00 GB
PID 3870344 - GPU 0 - Experiment config (env=zurcher, beta=0.95, H=100, lr=0.001, h_size=10, n_layer=2, shuffle=False, seed=1, test=False, store_gpu=True, layer_norm=False, num_epochs=10000, batch_size=64, maxMileage=10, rollin_type=expert, theta=[1, 5, 1], numTypes=1, loss_ratio=1, num_trajs=10000): Completed data generation
PID 3870344 - GPU 0 - Experiment config (env=zurcher, beta=0.95, H=100, lr=0.001, h_size=10, n_layer=2, shuffle=False, seed=1, test=False, store_gpu=True, layer_norm=False, num_epochs=10000, batch_size=64, maxMileage=10, rollin_type=expert, theta=[1, 5, 1], numTypes=1, loss_ratio=1, num_trajs=10000): Starting training
PID 2533248 - GPU 0 - Experiment config (env=zurcher, beta=0.95, H=100, lr=0.001, h_size=10, n_layer=2, shuffle=False, seed=1, test=False, store_gpu=True, layer_norm=False, num_epochs=10000, batch_size=64, maxMileage=10, rollin_type=expert, theta=[1, 5, 1], numTypes=1, loss_ratio=1.1, num_trajs=10000): Starting data generation
PID 2533248 - GPU 0 - Using GPU: NVIDIA GeForce RTX 2080 Ti
PID 2533248 - GPU 0 - Allocated GPU memory: 0.00 GB
PID 2533248 - GPU 0 - Experiment config (env=zurcher, beta=0.95, H=100, lr=0.001, h_size=10, n_layer=2, shuffle=False, seed=1, test=False, store_gpu=True, layer_norm=False, num_epochs=10000, batch_size=64, maxMileage=10, rollin_type=expert, theta=[1, 5, 1], numTypes=1, loss_ratio=1.1, num_trajs=10000): Completed data generation
PID 2533248 - GPU 0 - Experiment config (env=zurcher, beta=0.95, H=100, lr=0.001, h_size=10, n_layer=2, shuffle=False, seed=1, test=False, store_gpu=True, layer_norm=False, num_epochs=10000, batch_size=64, maxMileage=10, rollin_type=expert, theta=[1, 5, 1], numTypes=1, loss_ratio=1.1, num_trajs=10000): Starting training
PID 2537433 - GPU 0 - Experiment config (env=zurcher, beta=0.95, H=100, lr=0.001, h_size=10, n_layer=2, shuffle=False, seed=1, test=False, store_gpu=True, layer_norm=False, num_epochs=10000, batch_size=64, maxMileage=10, rollin_type=expert, theta=[1, 5, 1], numTypes=1, loss_ratio=1.1, num_trajs=10000): Starting data generation
PID 2537433 - GPU 0 - Using GPU: NVIDIA GeForce RTX 2080 Ti
PID 2537433 - GPU 0 - Allocated GPU memory: 0.00 GB
PID 2537433 - GPU 0 - Experiment config (env=zurcher, beta=0.95, H=100, lr=0.001, h_size=10, n_layer=2, shuffle=False, seed=1, test=False, store_gpu=True, layer_norm=False, num_epochs=10000, batch_size=64, maxMileage=10, rollin_type=expert, theta=[1, 5, 1], numTypes=1, loss_ratio=1.1, num_trajs=10000): Completed data generation
PID 2537433 - GPU 0 - Experiment config (env=zurcher, beta=0.95, H=100, lr=0.001, h_size=10, n_layer=2, shuffle=False, seed=1, test=False, store_gpu=True, layer_norm=False, num_epochs=10000, batch_size=64, maxMileage=10, rollin_type=expert, theta=[1, 5, 1], numTypes=1, loss_ratio=1.1, num_trajs=10000): Starting training
PID 3370016 - GPU 0 - Experiment config (env=zurcher, beta=0.95, H=100, lr=0.001, h_size=10, n_layer=2, shuffle=False, seed=1, test=False, store_gpu=True, layer_norm=False, num_epochs=10000, batch_size=64, maxMileage=10, rollin_type=expert, theta=[1, 5, 1], numTypes=1, loss_ratio=1.1, num_trajs=10000): Starting data generation
PID 3370016 - GPU 0 - Using GPU: NVIDIA GeForce RTX 2080 Ti
PID 3370016 - GPU 0 - Allocated GPU memory: 0.00 GB
PID 3370016 - GPU 0 - Experiment config (env=zurcher, beta=0.95, H=100, lr=0.001, h_size=10, n_layer=2, shuffle=False, seed=1, test=False, store_gpu=True, layer_norm=False, num_epochs=10000, batch_size=64, maxMileage=10, rollin_type=expert, theta=[1, 5, 1], numTypes=1, loss_ratio=1.1, num_trajs=10000): Completed data generation
PID 3370016 - GPU 0 - Experiment config (env=zurcher, beta=0.95, H=100, lr=0.001, h_size=10, n_layer=2, shuffle=False, seed=1, test=False, store_gpu=True, layer_norm=False, num_epochs=10000, batch_size=64, maxMileage=10, rollin_type=expert, theta=[1, 5, 1], numTypes=1, loss_ratio=1.1, num_trajs=10000): Starting training
PID 3741876 - GPU 0 - Experiment config (env=zurcher, beta=0.95, H=100, lr=0.001, h_size=10, n_layer=2, shuffle=False, seed=1, test=False, store_gpu=True, layer_norm=False, num_epochs=10000, batch_size=64, maxMileage=10, rollin_type=expert, theta=[1, 5, 1], numTypes=1, loss_ratio=1.1, num_trajs=10000): Starting data generation
PID 3741876 - GPU 0 - Using GPU: NVIDIA GeForce RTX 2080 Ti
PID 3741876 - GPU 0 - Allocated GPU memory: 0.00 GB
PID 3741876 - GPU 0 - Experiment config (env=zurcher, beta=0.95, H=100, lr=0.001, h_size=10, n_layer=2, shuffle=False, seed=1, test=False, store_gpu=True, layer_norm=False, num_epochs=10000, batch_size=64, maxMileage=10, rollin_type=expert, theta=[1, 5, 1], numTypes=1, loss_ratio=1.1, num_trajs=10000): Completed data generation
PID 3741876 - GPU 0 - Experiment config (env=zurcher, beta=0.95, H=100, lr=0.001, h_size=10, n_layer=2, shuffle=False, seed=1, test=False, store_gpu=True, layer_norm=False, num_epochs=10000, batch_size=64, maxMileage=10, rollin_type=expert, theta=[1, 5, 1], numTypes=1, loss_ratio=1.1, num_trajs=10000): Starting training
PID 3746090 - GPU 0 - Experiment config (env=zurcher, beta=0.95, H=100, lr=0.001, h_size=10, n_layer=2, shuffle=False, seed=1, test=False, store_gpu=True, layer_norm=False, num_epochs=10000, batch_size=64, maxMileage=10, rollin_type=expert, theta=[1, 5, 1], numTypes=1, loss_ratio=1.1, num_trajs=10000): Starting data generation
PID 3746090 - GPU 0 - Using GPU: NVIDIA GeForce RTX 2080 Ti
PID 3746090 - GPU 0 - Allocated GPU memory: 0.00 GB
PID 3746090 - GPU 0 - Experiment config (env=zurcher, beta=0.95, H=100, lr=0.001, h_size=10, n_layer=2, shuffle=False, seed=1, test=False, store_gpu=True, layer_norm=False, num_epochs=10000, batch_size=64, maxMileage=10, rollin_type=expert, theta=[1, 5, 1], numTypes=1, loss_ratio=1.1, num_trajs=10000): Completed data generation
PID 3746090 - GPU 0 - Experiment config (env=zurcher, beta=0.95, H=100, lr=0.001, h_size=10, n_layer=2, shuffle=False, seed=1, test=False, store_gpu=True, layer_norm=False, num_epochs=10000, batch_size=64, maxMileage=10, rollin_type=expert, theta=[1, 5, 1], numTypes=1, loss_ratio=1.1, num_trajs=10000): Starting training
Experiment config (env=zurcher, beta=0.95, H=100, lr=0.001, h_size=10, n_layer=2, shuffle=False, seed=1, test=False, store_gpu=True, layer_norm=False, num_epochs=10000, batch_size=64, maxMileage=10, rollin_type=expert, theta=[1, 5, 1], numTypes=1, loss_ratio=1, num_trajs=10000): Completed training
PID 2606511 - GPU 0 - Experiment config (env=zurcher, beta=0.95, H=100, lr=0.001, h_size=10, n_layer=2, shuffle=False, seed=1, test=False, store_gpu=True, layer_norm=False, num_epochs=10000, batch_size=64, maxMileage=10, rollin_type=expert, theta=[1, 5, 1], numTypes=1, loss_ratio=1.0, num_trajs=5000): Starting data generation
PID 2606511 - GPU 0 - Using GPU: NVIDIA GeForce RTX 2080 Ti
PID 2606511 - GPU 0 - Allocated GPU memory: 0.00 GB
PID 2606512 - GPU 0 - Experiment config (env=zurcher, beta=0.95, H=100, lr=0.001, h_size=10, n_layer=2, shuffle=False, seed=1, test=False, store_gpu=True, layer_norm=False, num_epochs=10000, batch_size=64, maxMileage=10, rollin_type=expert, theta=[1, 5, 1], numTypes=1, loss_ratio=1.0, num_trajs=10000): Starting data generation
PID 2606512 - GPU 0 - Using GPU: NVIDIA GeForce RTX 2080 Ti
PID 2606512 - GPU 0 - Allocated GPU memory: 0.00 GB
PID 2606511 - GPU 0 - Experiment config (env=zurcher, beta=0.95, H=100, lr=0.001, h_size=10, n_layer=2, shuffle=False, seed=1, test=False, store_gpu=True, layer_norm=False, num_epochs=10000, batch_size=64, maxMileage=10, rollin_type=expert, theta=[1, 5, 1], numTypes=1, loss_ratio=1.0, num_trajs=5000): Completed data generation
PID 2606511 - GPU 0 - Experiment config (env=zurcher, beta=0.95, H=100, lr=0.001, h_size=10, n_layer=2, shuffle=False, seed=1, test=False, store_gpu=True, layer_norm=False, num_epochs=10000, batch_size=64, maxMileage=10, rollin_type=expert, theta=[1, 5, 1], numTypes=1, loss_ratio=1.0, num_trajs=5000): Starting training
PID 2606512 - GPU 0 - Experiment config (env=zurcher, beta=0.95, H=100, lr=0.001, h_size=10, n_layer=2, shuffle=False, seed=1, test=False, store_gpu=True, layer_norm=False, num_epochs=10000, batch_size=64, maxMileage=10, rollin_type=expert, theta=[1, 5, 1], numTypes=1, loss_ratio=1.0, num_trajs=10000): Completed data generation
PID 2606512 - GPU 0 - Experiment config (env=zurcher, beta=0.95, H=100, lr=0.001, h_size=10, n_layer=2, shuffle=False, seed=1, test=False, store_gpu=True, layer_norm=False, num_epochs=10000, batch_size=64, maxMileage=10, rollin_type=expert, theta=[1, 5, 1], numTypes=1, loss_ratio=1.0, num_trajs=10000): Starting training
PID 3060757 - GPU 0 - Experiment config (env=zurcher, beta=0.95, H=100, lr=0.001, h_size=10, n_layer=2, shuffle=False, seed=1, test=False, store_gpu=True, layer_norm=False, num_epochs=10000, batch_size=64, maxMileage=10, rollin_type=expert, theta=[1, 5, 1], numTypes=1, loss_ratio=1.0, num_trajs=5000): Starting data generation
PID 3060757 - GPU 0 - Using GPU: NVIDIA GeForce RTX 2080 Ti
PID 3060757 - GPU 0 - Allocated GPU memory: 0.00 GB
PID 3060757 - GPU 0 - Experiment config (env=zurcher, beta=0.95, H=100, lr=0.001, h_size=10, n_layer=2, shuffle=False, seed=1, test=False, store_gpu=True, layer_norm=False, num_epochs=10000, batch_size=64, maxMileage=10, rollin_type=expert, theta=[1, 5, 1], numTypes=1, loss_ratio=1.0, num_trajs=5000): Completed data generation
PID 3060757 - GPU 0 - Experiment config (env=zurcher, beta=0.95, H=100, lr=0.001, h_size=10, n_layer=2, shuffle=False, seed=1, test=False, store_gpu=True, layer_norm=False, num_epochs=10000, batch_size=64, maxMileage=10, rollin_type=expert, theta=[1, 5, 1], numTypes=1, loss_ratio=1.0, num_trajs=5000): Starting training
PID 3060758 - GPU 0 - Experiment config (env=zurcher, beta=0.95, H=100, lr=0.001, h_size=10, n_layer=2, shuffle=False, seed=1, test=False, store_gpu=True, layer_norm=False, num_epochs=10000, batch_size=64, maxMileage=10, rollin_type=expert, theta=[1, 5, 1], numTypes=1, loss_ratio=1.01, num_trajs=10000): Starting data generation
PID 3060758 - GPU 0 - Using GPU: NVIDIA GeForce RTX 2080 Ti
PID 3060758 - GPU 0 - Allocated GPU memory: 0.00 GB
PID 3060758 - GPU 0 - Experiment config (env=zurcher, beta=0.95, H=100, lr=0.001, h_size=10, n_layer=2, shuffle=False, seed=1, test=False, store_gpu=True, layer_norm=False, num_epochs=10000, batch_size=64, maxMileage=10, rollin_type=expert, theta=[1, 5, 1], numTypes=1, loss_ratio=1.01, num_trajs=10000): Completed data generation
PID 3060758 - GPU 0 - Experiment config (env=zurcher, beta=0.95, H=100, lr=0.001, h_size=10, n_layer=2, shuffle=False, seed=1, test=False, store_gpu=True, layer_norm=False, num_epochs=10000, batch_size=64, maxMileage=10, rollin_type=expert, theta=[1, 5, 1], numTypes=1, loss_ratio=1.01, num_trajs=10000): Starting training
Experiment config (env=zurcher, beta=0.95, H=100, lr=0.001, h_size=10, n_layer=2, shuffle=False, seed=1, test=False, store_gpu=True, layer_norm=False, num_epochs=10000, batch_size=64, maxMileage=10, rollin_type=expert, theta=[1, 5, 1], numTypes=1, loss_ratio=1.0, num_trajs=5000): Completed training
Experiment config (env=zurcher, beta=0.95, H=100, lr=0.001, h_size=10, n_layer=2, shuffle=False, seed=1, test=False, store_gpu=True, layer_norm=False, num_epochs=10000, batch_size=64, maxMileage=10, rollin_type=expert, theta=[1, 5, 1], numTypes=1, loss_ratio=1.0, num_trajs=5000): Completed training
Experiment config (env=zurcher, beta=0.95, H=100, lr=0.001, h_size=10, n_layer=2, shuffle=False, seed=1, test=False, store_gpu=True, layer_norm=False, num_epochs=10000, batch_size=64, maxMileage=10, rollin_type=expert, theta=[1, 5, 1], numTypes=1, loss_ratio=1.0, num_trajs=10000): Completed training
Experiment config (env=zurcher, beta=0.95, H=100, lr=0.001, h_size=10, n_layer=2, shuffle=False, seed=1, test=False, store_gpu=True, layer_norm=False, num_epochs=10000, batch_size=64, maxMileage=10, rollin_type=expert, theta=[1, 5, 1], numTypes=1, loss_ratio=1.01, num_trajs=10000): Completed training
